[    0.000000] Initializing cgroup subsys cpuset
[    0.000000] Initializing cgroup subsys cpu
[    0.000000] Initializing cgroup subsys cpuacct
[    0.000000] Linux version 4.4.0-104-generic (buildd@lgw01-amd64-022) (gcc version 5.4.0 20160609 (Ubuntu 5.4.0-6ubuntu1~16.04.5) ) #127-UbuntuSMP Mon ec1 12:6: UTC 2017 Ubtu 4..0-104.127-generic 4.4.98)
[   .000000] omand line: BOOT_IMAGE=/boot/vmlinuz-4.4.0-104-genericroot=LABEL=cloudimg-rootfs ro console=tty1 csole=ttyS0
[    0.000000] KERNEL supported cpus:
[    0.000000]   Intel GenuineIntel
[    0.000000]   AMD AuthenticAMD
[    0.000000]   Centaur CentaurHauls
[    0.000000] x86/fpu: Legacy x87 FPU detected.
[    0.000000] x86/fpu: Using 'lazy' FPU context switches.
[    0.000000] e820: BIOS-provided physical RAM map:
[    0.000000] BIOS-e820: [mem 0x0000000000000000-0x000000000009fbff] usable
[    0.000000] BIOS-e820: [mem 0x000000000009fc00-0x000000000009fff] esrved
  0.00000BIOS-e820 [em0x0000000000000-00000000fffff] reserved
[    0.000000] BIOS-e820: [me 0000000001000-0x000003ffeffff] usable
[    0.000000] BIOS-e820: [mem 0x000000003fff0000-0x000000003fffffff] ACPI data
[  .00000BIOS-e820[mm 0x00000000fffc0000-0000000fffff] reered
[    0.000000] NX (Execute Disable) protection: active
[    0.000000] SMBIOS 2.5 present.
[    0.000000] Hypervisor detected: KVM
[    0.000000] e820: last_pfn = 03f0 max_arh_fn= 04000000
[    0.000000] MTRR: Disabled
[    0.0000] 86/PAT: MTRRs disabled, skipping PAT initialization too.
[    0.000000] CPU MTRRs all blank - virtualized system.
[    0.000000] x86/PAT: Configuration [0-7]: WB  WT  UC- UC  WB  WT  UC- UC  
[    0.000000] found SMP MP-table at [mem 0x0009fff0-0x0009ffff] mapped at [ffff88000009fff0]
[    0.000000] Scanning 1 areas for low memory corruption[    00000] RMDK: [mem x3da0000x564fff]
[    0.000000] ACPI: Early table checksum verification disabled
[    0.000000] ACPI: RSDP 0x00000000000E0000 000024 (v02 VBOX  )
[    0.000000] ACPI: XSDT 0x000000003FFF0030 00003C (v01 VBOX   VBOXXSDT 0000000 ASL  00000061)
[    0.000000] ACPI: FACP 0x000000003FFF00F0 0000F4 (v04 VBOX   VBOXFACP 00000001 ASL  00000061)
[    0.000000 ACPI:SD 0x000000003FFF0470 002118 (v01 VBOX   VBOXBIOS 00000002 INTL 20160108)
[    0.000000] ACPI: FACS 0x000000003FFF0200 000040
[    0.000000] ACPI: FACS 0x000000003FFF0200 000040
[    0.000000] ACPI: APIC 0x000000003FFF0240 00005C (v02 VBOX   VBOXAPIC 00000001 ASL  00000061)
[    0.000000] ACPI: SSDT 0x000000003FFF02A0 0001CC (v01 VBOX   VBOXCPUT 00000002 INTL 20160108)
[    0.000000] No NUMA configuration found
[    0.000000] Faking a node at [mem 0x0000000000000000-0x000000003ffeffff]
[    0.000000] NODE_DATA(0) allocated [mem 0x3ffeb000-0x3ffeffff]
[    .00000] kvm-clock: Using msrs 4b564d01 and 4b564d00
[    0.000000] kvm-clock: cpu 0, msr 0:3ffe3001, primary cpu clock
[    0.000000] kvm-clock: using sched offset of 4140700307 cycles
[    0.000000] clocksource: kvm-clock: mask: 0xffffffffffffffff max_cycles: 0x1cd42e4dffb, max_idle_ns: 881590591483 ns
[    0.000000] Zone ranges:
[    0.000000]   DMA      [mem 0x0000000000001000-0x0000000000ffffff]
[    0.000000]   DMA32    [mem 0x000000001000000-0x000000003ffeffff]
[    0.000000]   Normal   empty
[    0.000000]   Device   empty
[    0.00000] Movable zone start for each node
[    0.000000] Early memory node ranges
[    0.000000]   node   0: [mem 0x0000000000001000-0x000000000009efff]
[    0.000000]   node   0: [mem 0x0000000000100000-0x000000003ffeffff]
[    0.000000] Initmem set nde  [em0x0000000001000-0x000000003ffeffff]
[    0.000000] ACPI: PM-Timer IO Port0x008
  0.00000 IAPIC[: pic_id 2, version 17, address 0xfec00000, GSI 0-23
[    0.000000] ACPI: INT_SRC_OVR (bus 0 bus_irq 0 global_irq 2 dfl dfl)
[    0.00000] AC: NT_SRCVR (bus 0buirq 9 gob_irq hgh lel
[    0.0000] sing APIMADTfo SMPonigurio information
[    0.000000] smpboot: Allowing 2 CPUs, 0 hotplug CPUs
[    0.000000] PM: Registered nosave memory: [mem 0x00000000-0x00000fff]
[    0.000000] PM: Regstrednove meor [mem0x09f00-0009ffff
   0.000] PM: Registered nosave memory: [mem 0x000a0000-0x000effff]
[    0.000000] PM: Rgistered nosave memory: [mem 0x000000-0x000fffff]
[    0.000000] e820: [mem 0x40000000-0xfffbffff] available for PCI devices
[    0.000000] Booting parviualizd erel on KVM
[    0.000000] clocksource: refined-jiffies: mask: 0xffffffff max_cycles: 0xffffffff, max_idle_ns: 7645519600211568 ns
[    0.000000] stup_percpu: NR_CPUS:512 nr_cpumask_bits:51nr_cpu_ids:2 nr_node_ids:1
[    0.000000] PERCPU: Embedded 33 pages/cpu @ffff88003fc00000 s98200 r8192 d28776 u1048576
[   .000000] PV qspinlok hashtable entries: 256 (order: 0, 4096 bytes)
[    0.000000] Built 1 zonelists in Node order, mobility grouping on.  Total pages: 257913
[    0.000000] Policy zone: DMA32
[    0.000000] Kernel command line: BOOT_IMAGE=/boot/vmlinuz-4.4.0-104-genric root=ABL=cloudimg-rootfs ro console=tty1 console=ttyS0
[    0.000000] PID hash table entries: 4096 (order: 3, 32768 bytes)
[    0.000000] Memory: 1001776K/1048120K available (8485K kernel code, 1295K rwdata, 3988K rodata, 1492K init, 1316K bss, 46344K reserved, 0K cma-reserved)
[    0.000000] SLUB: HWalign=64, Order=0-3, MinObjects=0, CPUs=2, Nodes=1
[    0.000000] Hierarchical RCU implementation.
[    0.000000] 	Build-time adjustment of leaf fanout to 64.
[    0.000000] 	RCU restricting CPUs from NR_CPUS=512 to nr_cpu_ids=2.
[    0.000000] RCU: Adjusting geometry for rcu_fanout_leaf=64, nr_cpu_ids=2
[    0.000000] NR_IRQS:33024 nr_irqs:440 16
[    0.000000] Console: colour VGA+ 80x25
[    0.000000] console [tty1] enabled
[    0.000000] console [ttyS0] enabled
[    0.000000] tsc: Detected 2393.928 MHz processor
[    3.911756] Calibrating delay loop (skipped) preset value.. 4787.85 BogoMIPS (lpj=9575712)
[    3.913482] pid_max: default: 32768 minimum: 301
[    3.914407] ACPI Core revision 20150930
[    3.931312] ACPI: 2 ACPI AML tables successfully acquired and loaded
[    3.968386] Security Framework initialized
[    3.971935] Yama: becoming mindful.
[    3.975764] AppArmor: AppArmor initialized
[    3.976967] Dentry cache hash table entries: 131072 (order: 8, 1048576 bytes)
[    3.978889] Inode-cache hash table entries: 65536 (order: 7, 524288 bytes)
[    3.985324] Mount-cache hash table entries: 2048 (order: 2, 16384 bytes)
[    3.992336] Mountpoint-cache hash table entries: 2048 (order: 2, 16384 bytes)
[    3.996950] Initializing cgroup subsys io
[    4.000080] Initializing cgroup subsys memory
[    4.004182] Initializing cgroup subsys devices
[    4.008195] Initializing cgroup subsys freezer
[    4.012192] Initializing cgroup subsys net_cls
[    4.016293] Initializing cgroup subsys perf_event
[    4.020346] Initializing cgroup subsys net_prio
[    4.024273] Initializing cgroup subsys hugetlb
[    4.031194] Initializing cgroup subsys pids
[    4.032170] CPU: Physical Processor ID: 0
[    4.075787] CPU: Processor Core ID: 0
[    4.099279] mce: CPU supports 0 MCE banks
[    4.100471] Last level iTLB entries: 4KB 512, 2MB 7, 4MB 7
[    4.101851] Last level dTLB entries: 4KB 512, 2MB 32, 4MB 32, 1GB 0
[    4.105588] Freeing SMP alternatives memory: 32K
[    4.118307] ftrace: allocating 32158 entries in 126 pages
[    4.174657] smpboot: APIC(0) Converting physical 0 to logical package 0
[    4.181517] smpboot: Max logical packages: 1
[    4.184074] ..TIMER: vector=0x30 apic1=0 pin1=2 apic2=-1 pin2=-1
[    4.295001] smpboot: CPU0: Intel(R) Core(TM) i5 CPU       M 520  @ 2.40GHz (family: 0x6, model: 0x25, stepping: 0x5)
[    4.299765] Performance Events: unsupported p6 CPU model 37 no PMU driver, software events only.
[    4.317732] KVM setup paravirtual spinlock
[    4.368570] x86: Booting SMP configuration:
[    4.372103] .... node  #0, CPUs:      #1
[    4.380116] kvm-clock: cpu 1, msr 0:3ffe3041, secondary cpu clock
[    4.417262] mce: CPU supports 0 MCE banks
[    4.419803] x86: Booted up 1 node, 2 CPUs
[    4.432810] smpboot: Total of 2 processors activated (9575.71 BogoMIPS)
[    4.440175] devtmpfs: initialized
[    4.442980] evm: security.selinux
[    4.477672] evm: security.SMACK64
[    4.496817] evm: security.SMACK64EXEC
[    4.502888] evm: security.SMACK64TRANSMUTE
[    4.540859] evm: security.SMACK64MMAP
[    4.543546] evm: security.ima
[    4.544411] evm: security.capability
[    4.585051] clocksource: jiffies: mask: 0xffffffff max_cycles: 0xffffffff, max_idle_ns: 7645041785100000 ns
[    4.629801] futex hash table entries: 512 (order: 3, 32768 bytes)
[    4.683798] pinctrl core: initialized pinctrl subsystem
[    4.692060] RTC time: 20:03:51, date: 03/12/18
[    4.699231] NET: Registered protocol family 16
[    4.775269] cpuidle: using governor ladder
[    4.835081] cpuidle: using governor menu
[    4.841593] PCCT header not found.
[    4.856297] ACPI: bus type PCI registered
[    4.866701] acpiphp: ACPI Hot Plug PCI Controller Driver version: 0.5
[    4.888748] PCI: Using configuration type 1 for base access
[    4.940508] ACPI: Added _OSI(Module Device)
[    4.947547] ACPI: Added _OSI(Processor Device)
[    4.949253] ACPI: Added _OSI(3.0 _SCP Extensions)
[    4.962565] ACPI: Added _OSI(Processor Aggregator Device)
[    4.977883] ACPI: Executed 1 blocks of module-level executable AML code
[    4.981500] ACPI: Interpreter enabled
[    4.994458] ACPI: (supports S0 S5)
[    4.996623] ACPI: Using IOAPIC for interrupt routing
[    5.014110] PCI: Using host bridge windows from ACPI; if necessary, use "pci=nocrs" and report a bug
[    5.046615] ACPI: PCI Root Bridge [PCI0] (domain 0000 [bus 00-ff])
[    5.069397] acpi PNP0A03:00: _OSC: OS supports [ASPM ClockPM Segments MSI]
[    5.071214] acpi PNP0A03:00: _OSC failed (AE_NOT_FOUND); disabling ASPM
[    5.116534] acpi PNP0A03:00: fail to add MMCONFIG information, can't access extended PCI configuration space under this bridge.
[    5.130646] PCI host bridge to bus 0000:00
[    5.140558] pci_bus 0000:00: root bus resource [io  0x0000-0x0cf7 window]
[    5.142509] pci_bus 0000:00: root bus resource [io  0x0d00-0xffff window]
[    5.144546] pci_bus 0000:00: root bus resource [mem 0x000a0000-0x000bffff window]
[    5.147221] pci_bus 0000:00: root bus resource [mem 0x40000000-0xffdfffff window]
[    5.161380] pci_bus 0000:00: root bus resource [bus 00-ff]
[    5.167164] pci 0000:00:01.1: legacy IDE quirk: reg 0x10: [io  0x01f0-0x01f7]
[    5.179625] pci 0000:00:01.1: legacy IDE quirk: reg 0x14: [io  0x03f6]
[    5.181270] pci 0000:00:01.1: legacy IDE quirk: reg 0x18: [io  0x0170-0x0177]
[    5.182954] pci 0000:00:01.1: legacy IDE quirk: reg 0x1c: [io  0x0376]
[    5.267683] ACPI: PCI Interrupt Link [LNKA] (IRQs 5 9 10 11) *0, disabled.
[    5.328795] ACPI: PCI Interrupt Link [LNKB] (IRQs 5 9 10 *11)
[    5.388376] ACPI: PCI Interrupt Link [LNKC] (IRQs 5 9 *10 11)
[    5.418472] ACPI: PCI Interrupt Link [LNKD] (IRQs 5 *9 10 11)
[    5.465584] ACPI: Enabled 2 GPEs in block 00 to 07
[    5.474788] vgaarb: setting as boot device: PCI:0000:00:02.0
[    5.476285] vgaarb: device added: PCI:0000:00:02.0,decodes=io+mem,owns=io+mem,locks=none
[    5.509216] vgaarb: loaded
[    5.509938] vgaarb: bridge control possible 0000:00:02.0
[    5.511314] SCSI subsystem initialized
[    5.532889] ACPI: bus type USB registered
[    5.561313] usbcore: registered new interface driver usbfs
[    5.595694] usbcore: registered new interface driver hub
[    5.656679] usbcore: registered new device driver usb
[    5.677047] PCI: Using ACPI for IRQ routing
[    5.693554] NetLabel: Initializing
[    5.700513] NetLabel:  domain hash size = 128
[    5.701689] NetLabel:  protocols = UNLABELED CIPSOv4
[    5.703018] NetLabel:  unlabeled traffic allowed by default
[    5.704669] amd_nb: Cannot enumerate AMD northbridges
[    5.706030] clocksource: Switched to clocksource kvm-clock
[    5.721542] AppArmor: AppArmor Filesystem Enabled
[   7230] pnp:PnP ACPI init
[   .882563] pnp: PnP ACPI: found 3 devices

[  594406clksource: aci_m:as 0ffffff max_cycles: 0xffffff, max_idle_ns: 2085701024 ns
[   .3432] NET: Registered protocol family 2

[    6.441746] TCP established hash table entries: 8192 (order: 4, 65536 bytes)
[    6.449151] TCP bind hash table entries: 8192 (order: 5, 131072 bytes)
[    6.450689] TCP: Hash tables configured esablished 8192 bind 8192)
[   .4946]UD hsh table entries: 512 (order: 2, 1638bys)[   6.28] DPitha tblenri: 2 rd: , 38bys)
[  72122 NT:egistered protocol family 1
[    7.857841] pci 0000:00:00.0: Limiting direct PCI/PCI transfers
[    7.859001] pci 0000:00:01.0: Activating ISA DMA hang workarounds
[  78688 Uacnginras...

[   10.326927] Freeing initrd memory: 10796K
[   10.328556] platform rtc_cmos: registered platform RTC device (no PNP device found)
[   10.332889] Scanning for low memory corruption every 60 seconds
[   10.358919] audit: initializing netlink subsys (disabled)
[   10.387781] audit: type=2000 audit(1520885038.349:1): initialized
[   10.409595] Initialise system trusted keyring
[   10.458356] HugeTLB registered 2 MB page size, pre-allocated 0 pages
[   10.499457] zbud: loaded
[   10.528223] VFS: Disk quotas dquot_6.6.0
[   10.537973] VFS: Dquot-cache hash table entries: 512 (order 0, 4096 bytes)
[   10.539539] squashfs: version 4.0 (2009/01/31) Phillip Lougher
[   10.541197] fuse init (API version 7.23)
[   10.657936] Key type big_key registered
[   10.660803] Allocating IMA MOK and blacklist keyrings.
[   10.664860] Key type asymmetric registered
[   10.724555] Asymmetric key parser 'x509' registered
[   10.737148] Block layer SCSI generic (bsg) driver version 0.4 loaded (major 249)
[   10.738918] io scheduler noop registered
[   10.739806] io scheduler deadline registered (default)
[   10.740871] io scheduler cfq registered
[   10.741812] pci_hotplug: PCI Hot Plug PCI Core version: 0.5
[   10.800933] pciehp: PCI Express Hot Plug Controller Driver version: 0.4
[   10.802353] ACPI: AC Adapter [AC] (on-line)
[   10.897649] input: Power Button as /devices/LNXSYSTM:00/LNXPWRBN:00/input/input0
[   10.977138] ACPI: Power Button [PWRF]
[   10.978035] input: Sleep Button as /devices/LNXSYSTM:00/LNXSLPBN:00/input/input1
[   10.979607] ACPI: Sleep Button [SLPF]
[   10.981397] ACPI: Battery Slot [BAT0] (battery present)
[   11.067824] GHES: HEST is not enabled!
[   11.071779] Serial: 8250/16550 driver, 32 ports, IRQ sharing enabled
[ 110941] :0 ttyS0 at I/O 0x3f8 (irq = 4, base_baud = 115200) is a 16550A
[   1.896]sc Rind TC clocksource calbrio: 92.884 MH
[   11.831921] clocksource: tsc: mask: 0xffffffffffffffff max_cycles: 0x227df54f6cc, max_idle_ns: 440795259401 ns
[   11.833575] Linux agpgart interface v0.103
[   11.844206] loop: module loaded
[   11.845027] scsi host0: ata_piix
[   11.845101] scsi host1: ata_piix
[   11.845139] ata1: PATA max UDMA/33 cmd 0x1f0 ctl 0x3f6 bmdma 0xd000 irq 14
[   11.845139] ata2: PATA max UDMA/33 cmd 0x170 ctl 0x376 bmdma 0xd008 irq 15
[   11.845232] libphy: Fixed MDIO Bus: probed
[   11.845235] tun: Universal TUN/TAP device driver, 1.6
[   11.845236] tun: (C) 1999-2004 Max Krasnyansky <maxk@qualcomm.com>
[   11.845596] PPP generic driver version 2.4.2
[   11.845670] ehci_hcd: USB 2.0 'Enhanced' Host Controller (EHCI) Driver
[   11.845675] ehci-pci: EHCI PCI platform driver
[   11.845696] ehci-platform: EHCI generic platform driver
[   11.845706] ohci_hcd: USB 1.1 'Open' Host Controller (OHCI) Driver
[   11.845710] ohci-pci: OHCI PCI platform driver
[   11.845720] ohci-platform: OHCI generic platform driver
[   11.845728] uhci_hcd: USB Universal Host Controller Interface driver
[   11.845797] i8042: PNP: PS/2 Controller [PNP0303:PS2K,PNP0f03:PS2M] at 0x60,0x64 irq 1,12
[   11.847391] serio: i8042 KBD port at 0x60,0x64 irq 1
[   11.847398] serio: i8042 AUX port at 0x60,0x64 irq 12
[   11.847526] mousedev: PS/2 mouse device common for all mice
[   11.847895] rtc_cmos rtc_cmos: rtc core: registered rtc_cmos as rtc0
[   11.848001] rtc_cmos rtc_cmos: alarms up to one day, 114 bytes nvram
[   11.848010] i2c /dev entries driver
[   11.848077] device-mapper: uevent: version 1.0.3
[   11.848146] device-mapper: ioctl: 4.34.0-ioctl (2015-10-28) initialised: dm-devel@redhat.com
[   11.848164] ledtrig-cpu: registered to indicate activity on CPUs
[   11.848489] NET: Registered protocol family 10
[   11.848703] NET: Registered protocol family 17
[   11.848716] Key type dns_resolver registered
[   11.851735] microcode: CPU0 sig=0x20655, pf=0x4, revision=0x616
[   11.851755] microcode: CPU1 sig=0x20655, pf=0x4, revision=0x616
[   11.851829] microcode: Microcode Update Driver: v2.01 <tigran@aivazian.fsnet.co.uk>, Peter Oruba
[   11.852033] registered taskstats version 1
[   11.852051] Loading compiled-in X.509 certificates
[   11.853018] Loaded X.509 cert 'Build time autogenerated kernel key: 8537ad706776f532219d7336343c968b9f82f7c7'
[   11.853044] zswap: loaded using pool lzo/zbud
[   11.854763] Key type trusted registered
[   11.857864] Key type encrypted registered
[   11.857871] AppArmor: AppArmor sha1 policy hashing enabled
[   11.857875] ima: No TPM chip found, activating TPM-bypass!
[   11.857903] evm: HMAC attrs: 0x1
[   11.858322]   Magic number: 10:517:93
[   11.861442] rtc_cmos rtc_cmos: setting system clock to 2018-03-12 20:03:59 UTC (1520885039)
[   11.861606] BIOS EDD facility v0.16 2004-Jun-25, 0 devices found
[   11.861606] EDD information not available.
[   11.939624] input: AT Translated Set 2 keyboard as /devices/platform/i8042/serio0/input/input2
[   12.302114] Freeing unused kernel memory: 1492K
[   12.305934] Write protecting the kernel read-only data: 14336k
[   12.309656] Freeing unused kernel memory: 1744K
[   12.317694] Freeing unused kernel memory: 108K
Loading, please wait...
starting version[   12.365501] random: systemd-udevd: uninitialized urandom read (16 bytes read, 2 bits of entropy available)
 229
[   12.366576] random: udevadm: uninitialized urandom read (16 bytes read, 2 bits of entropy available)
[   12.366604] random: udevadm: uninitialized urandom read (16 bytes read, 2 bits of entropy available)
[   12.380272] random: udevadm: uninitialized urandom read (16 bytes read, 2 bits of entropy available)
[   12.380332] random: udevadm: uninitialized urandom read (16 bytes read, 2 bits of entropy available)
[   12.380507] random: udevadm: uninitialized urandom read (16 bytes read, 2 bits of entropy available)
[   12.380581] random: udevadm: uninitialized urandom read (16 bytes read, 2 bits of entropy available)
[   12.380652] random: udevadm: uninitialized urandom read (16 bytes read, 2 bits of entropy available)
[   12.380720] random: udevadm: uninitialized urandom read (16 bytes read, 2 bits of entropy available)
[   12.380795] random: udevadm: uninitialized urandom read (16 bytes read, 2 bits of entropy available)
[   12.903480] Fusion MPT base driver 3.04.20
[   12.928261] Copyright (c) 1999-2008 LSI Corporation
[   12.943908] e1000: Intel(R) PRO/1000 Network Driver - version 7.3.21-k8-NAPI
[   12.985120] e1000: Copyright (c) 1999-2006 Intel Corporation.
[   13.011295] Fusion MPT SPI Host driver 3.04.20
[   13.035803] SSE version of gcm_enc/dec engaged.
[   13.200433] input: ImExPS/2 Generic Explorer Mouse as /devices/platform/i8042/serio1/input/input4
[   13.403253] e1000 0000:00:03.0 eth0: (PCI:33MHz:32-bit) 02:06:a9:f4:72:f7
[   13.468243] e1000 0000:00:03.0 eth0: Intel(R) PRO/1000 Network Connection
[   13.470451] mptbase: ioc0: Initiating bringup
[   13.706641] ioc0: LSI53C1030 A0: Capabilities={Initiator}
[   13.923517] scsi host2: ioc0: LSI53C1030 A0, FwRev=00000000h, Ports=1, MaxQ=256, IRQ=20
[   14.077339] scsi 2:0:0:0: Direct-Access     VBOX     HARDDISK         1.0  PQ: 0 ANSI: 5
[   14.879921] scsi target2:0:0: Beginning Domain Validation
[   14.883108] scsi target2:0:0: Domain Validation skipping write tests
[   14.885018] scsi target2:0:0: Ending Domain Validation
[   14.886760] scsi target2:0:0: asynchronous
[   14.903350] scsi 2:0:1:0: Direct-Access     VBOX     HARDDISK         1.0  PQ: 0 ANSI: 5
[   14.965045] scsi target2:0:1: Beginning Domain Validation
[   14.976391] scsi target2:0:1: Domain Validation skipping write tests
[   14.984707] scsi target2:0:1: Ending Domain Validation
[   14.986297] scsi target2:0:1: asynchronous
[   14.999658] sd 2:0:0:0: Attached scsi generic sg0 type 0
[   15.007585] sd 2:0:0:0: [sda] 20971520 512-byte logical blocks: (10.7 GB/10.0 GiB)
[   15.016009] sd 2:0:0:0: [sda] Write Protect is off
[   15.019362] sd 2:0:1:0: Attached scsi generic sg1 type 0
[   15.031809] sd 2:0:1:0: [sdb] 20480 512-byte logical blocks: (10.5 MB/10.0 MiB)
[   15.050126] sd 2:0:0:0: [sda] Incomplete mode parameter data
[   15.051671] sd 2:0:0:0: [sda] Assuming drive cache: write through
[   15.055751] sd 2:0:1:0: [sdb] Write Protect is off
[   15.062991] sd 2:0:1:0: [sdb] Incomplete mode parameter data
[   15.068623] sd 2:0:1:0: [sdb] Assuming drive cache: write through
[   15.091007]  sda: sda1
[   15.099786] sd 2:0:0:0: [sda] Attached SCSI disk
[   15.137769] sd 2:0:1:0: [sdb] Attached SCSI disk
[   15.274267] e1000 0000:00:08.0 eth1: (PCI:33MHz:32-bit) 08:00:27:5c:6a:44
[   15.328749] e1000 0000:00:08.0 eth1: Intel(R) PRO/1000 Network Connection
[   15.349700] e1000 0000:00:03.0 enp0s3: renamed from eth0
[   15.370728] e1000 0000:00:08.0 enp0s8: renamed from eth1
[   15.910389] floppy0: no floppy controllers found
Begin: Loading essential drivers ... [   17.384586] md: linear personality registered for level -1
[   17.393082] md: multipath personality registered for level -4
[   17.452365] md: raid0 personality registered for level 0
[   17.465226] md: raid1 personality registered for level 1
[   17.546097] raid6: sse2x1   gen()  6399 MB/s
[   17.630116] raid6: sse2x1   xor()  5090 MB/s
[   17.702146] raid6: sse2x2   gen()  7760 MB/s
[   17.790147] raid6: sse2x2   xor()  5926 MB/s
[   17.862129] raid6: sse2x4   gen()  8978 MB/s
[   17.934093] raid6: sse2x4   xor()  6865 MB/s
[   17.952145] raid6: using algorithm sse2x4 gen() 8978 MB/s
[   17.955390] raid6: .... xor() 6865 MB/s, rmw enabled
[   17.956648] raid6: using ssse3x2 recovery algorithm
[   17.961617] xor: measuring software checksum speed
[   18.040018]    prefetch64-sse: 11023.000 MB/sec
[   18.107990]    generic_sse: 21768.000 MB/sec
[   18.172670] xor: using function: generic_sse (21768.000 MB/sec)
[   18.190861] async_tx: api initialized (async)
[   18.216900] md: raid6 personality registered for level 6
[   18.227387] md: raid5 personality registered for level 5
[   18.233430] md: raid4 personality registered for level 4
[   18.244336] md: raid10 personality registered for level 10
done.
Begin: Running /scripts/init-premount ... done.
Begin: Mounting root file system ... Begin: Running /scripts/local-top ... done.
Begin: Running /scripts/local-premount ... [   18.303705] Btrfs loaded
Scanning for Btrfs filesystems
done.
Warning: fsck not present, so skipping root file system
[   18.453950] EXT4-fs (sda1): mounted filesystem with ordered data mode. Opts: (null)
done.
Begin: Running /scripts/local-bottom ... done.
Begin: Running /scripts/init-bottom ... done.
[   19.540756] systemd[1]: systemd 229 running in system mode. (+PAM +AUDIT +SELINUX +IMA +APPARMOR +SMACK +SYSVINIT +UTMP +LIBCRYPTSETUP +GCRYPT +GNUTLS +ACL +XZ -LZ4 +SECCOMP +BLKID +ELFUTILS +KMOD -IDN)
[   19.580840] systemd[1]: Detected virtualization oracle.
[   19.588381] systemd[1]: Detected architecture x86-64.

Welcome to [1mUbuntu 16.04.3 LTS[0m!

[   19.661059] systemd[1]: Set hostname to <web-2>.
[   19.870298] random: nonblocking pool is initialized
[   20.986364] systemd[1]: Set up automount Arbitrary Executable File Formats File System Automount Point.
[[0;32m  OK  [0m] Set up automount Arbitrary Executab...ats File System Automount Point.
[   21.082964] systemd[1]: Listening on Journal Audit Socket.
[[0;32m  OK  [0m] Listening on Journal Audit Socket.
[   21.098560] systemd[1]: Listening on LVM2 poll daemon socket.
[[0;32m  OK  [0m] Listening on LVM2 poll daemon socket.
[   21.145312] systemd[1]: Listening on udev Control Socket.
[[0;32m  OK  [0m] Listening on udev Control Socket.
[   21.151854] systemd[1]: Listening on Syslog Socket.
[[0;32m  OK  [0m] Listening on Syslog Socket.
[   21.172022] systemd[1]: Listening on Device-mapper event daemon FIFOs.
[[0;32m  OK  [0m] Listening on Device-mapper event daemon FIFOs.
[   21.201442] systemd[1]: Reached target Encrypted Volumes.
[[0;32m  OK  [0m] Reached target Encrypted Volumes.
[   21.238619] systemd[1]: Reached target Swap.
[[0;32m  OK  [0m] Reached target Swap.
[   21.278504] systemd[1]: Reached target User and Group Name Lookups.
[[0;32m  OK  [0m] Reached target User and Group Name Lookups.
[   21.327407] systemd[1]: Listening on Journal Socket.
[[0;32m  OK  [0m] Listening on Journal Socket.
[   21.430486] systemd[1]: Listening on Journal Socket (/dev/log).
[[0;32m  OK  [0m] Listening on Journal Socket (/dev/log).
[   21.444251] systemd[1]: Created slice User and Session Slice.
[[0;32m  OK  [0m] Created slice User and Session Slice.
[   21.591281] systemd[1]: Listening on /dev/initctl Compatibility Named Pipe.
[[0;32m  OK  [0m] Listening on /dev/initctl Compatibility Named Pipe.
[   21.667113] systemd[1]: Started Trigger resolvconf update for networkd DNS.
[[0;32m  OK  [0m] Started Trigger resolvconf update for networkd DNS.
[   21.672501] systemd[1]: Started Forward Password Requests to Wall Directory Watch.
[[0;32m  OK  [0m] Started Forward Password Requests to Wall Directory Watch.
[   21.677698] systemd[1]: Listening on udev Kernel Socket.
[[0;32m  OK  [0m] Listening on udev Kernel Socket.
[   21.681558] systemd[1]: Created slice System Slice.
[[0;32m  OK  [0m] Created slice System Slice.
[   21.726732] systemd[1]: Starting Load Kernel Modules...
         Starting Load Kernel Modules...
[   21.741048] systemd[1]: Mounting Huge Pages File System...
         Mounting Huge Pages File System...
[   21.769324] systemd[1]: Starting Set console keymap...
         Starting Set console keymap...
[   21.794637] systemd[1]: Mounting Debug File System...
         Mounting Debug File System...
[   21.822641] systemd[1]: Starting Journal Service...
[   21.848385] Loading iSCSI transport class v2.0-870.
         Starting Journal Service...
[   21.860790] systemd[1]: Starting Remount Root and Kernel File Systems...
         Starting Remount Root and Kernel File Systems...
[   21.902719] iscsi: registered transport (tcp)
[   22.726786] systemd[1]: Starting Create list of required static device nodes for the current kernel...
         Starting Create list of required st... nodes for the current kernel...
[   22.792874] systemd[1]: Reached target Slices.
[[0;32m  OK  [0m] Reached target Slices.
[   22.830576] systemd[1]: Starting Nameserver information manager...
         Starting Nameserver information manager...
[   22.842568] systemd[1]: Starting Uncomplicated firewall...
[   22.860945] EXT4-fs (sda1): re-mounted. Opts: (null)
         Starting Uncomplicated firewall...
[   22.893439] systemd[1]: Listening on LVM2 metadata daemon socket.
[[0;32m  OK  [0m] Listening on LVM2 metadata daemon socket.
[   22.914651] systemd[1]: Starting Monitoring of LVM2 mirrors, snapshots etc. using dmeventd or progress polling...
         Starting Monitoring of LVM2 mirrors... dmeventd or progress polling...
[   22.970447] systemd[1]: Mounting POSIX Message Queue File System...
         Mounting POSIX Message Queue File System...
[   22.994199] ste[1 Cat sice system-serial\x2dgetty.slice.
[[0;32m  OK  [0m] Created slice system-serial\x2dgetty.slice.
[   23.376232] systemd[1]: Mounted POSIX Message Queue File System.
[[0;32m  OK  [0m] Mounted POSIX Message Queue File System.
[   23.391857] systemd[1]: Mounted Debug File System.
[[0;32m  OK  [0m] Mounted Debug File System.
[   23.399622] systemd[1]: Mounted Huge Pages File System.
[[0;32m  OK  [0m] Mounted Huge Pages File System.
[   23.406352] systemd[1]: Started Remount Root and Kernel File Systems.
[[0;32m  OK  [0m] Started Remount Root and Kernel File Systems.
[   23.421157] systemd[1]: Started Create list of required static device nodes for the current kernel.
[[0;32m  OK  [0m] Started Create list of required sta...ce nodes for the current kernel.
[   23.443607] systemd[1]: Started Uncomplicated firewall.
[[0;32m  OK  [0m] Started Uncomplicated firewall.
[   23.460331] systemd[1]: Started Journal Service.
[[0;32m  OK  [0m] Started Journal Service.
[[0;32m  OK  [0m] Started Set console keymap.
[   23.505491] iscsi: registered transport (iser)
[[0;32m  OK  [0m] Started Nameserver information manager.
[[0;32m  OK  [0m] Started Load Kernel Modules.
[[0;32m  OK  [0m] Started LVM2 metadata daemon.
         Mounting FUSE Control File System...
         Starting Apply Kernel Variables...
         Starting Create Static Device Nodes in /dev...
         Starting udev Coldplug all Devices...
         Starting Initial cloud-init job (pre-networking)...
         Starting Load/Save Random Seed...
         Starting Flush Journal to Persistent Storage...
[[0;32m  OK  [0m] Mounted FUSE Control File System.
[[0;32m  OK  [0m] Started Apply Kernel Variables.
[[0;32m  OK  [0m] Started Load/Save Random Seed.
[[0;32m  OK  [0m] Started udev Coldplug all Devices.
[[0;32m  OK  [0m] Started Create Static Device Nodes in /dev.
[[0;32m  OK  [0m] Started Flush Journal to Persistent Storage.
         Starting udev Kernel Device Manager...
[[0;32m  OK  [0m] Started Monitoring of LVM2 mirrors,...ng dmeventd or progress polling.
[[0;32m  OK  [0m] Started udev Kernel Device Manager.
[[0;32m  OK  [0m] Reached target Local File Systems (Pre).
[[0;32m  OK  [0m] Reached target Local File Systems.
         Starting LSB: AppArmor initialization...
         Starting Create Volatile Files and Directories...
         Starting Tell Plymouth To Write Out Runtime Data...
         Starting Set console font and keymap...
[[0;32m  OK  [0m] Started Dispatch Password Requests to Console Directory Watch.
[[0;32m  OK  [0m] Started Tell Plymouth To Write Out Runtime Data.
[[0;32m  OK  [0m] Found device /dev/ttyS0.
[[0;32m  OK  [0m] Started Create Volatile Files and Directories.
[[0;32m  OK  [0m] Reached target System Time Synchronized.
         Starting Update UTMP about System Boot/Shutdown...
[[0;32m  OK  [0m] Started Update UTMP about System Boot/Shutdown.
[[0;32m  OK  [0m] Found device 82540EM Gigabit Ethern...r (PRO/1000 MT Desktop Adapter).
[[0;32m  OK  [0m] Found device 82540EM Gigabit Ethern...r (PRO/1000 MT Desktop Adapter).
[[0;32m  OK  [0m] Started Set console font and keymap.
[[0;32m  OK  [0m] Created slice system-getty.slice.
[[0;32m  OK  [0m] Listening on Load/Save RF Kill Switch Status /dev/rfkill Watch.
[[0;32m  OK  [0m] Started LSB: AppArmor initialization.
[   25.674467] cloud-init[443]: Cloud-init v. 17.1 running 'init-local' at Mon, 12 Mar 2018 20:04:17 +0000. Up 24.89 seconds.
[[0;32m  OK  [0m] Started Initial cloud-init job (pre-networking).
[[0;32m  OK  [0m] Reached target Network (Pre).
[[0;32m  OK  [0m] Started ifup for enp0s8.
[[0;32m  OK  [0m] Started ifup for enp0s3.
         Starting Raise network interfaces...
[[0;32m  OK  [0m] Started Raise network interfaces.
         Starting Initial cloud-init job (metadata service crawler)...
[[0;32m  OK  [0m] Reached target Network.
[   27.627024] cloud-init[1056]: Cloud-init v. 17.1 running 'init' at Mon, 12 Mar 2018 20:04:19 +0000. Up 26.57 seconds.
[   27.732565] cloud-init[1056]: ci-info: ++++++++++++++++++++++++++++++++++++++Net device info++++++++++++++++++++++++++++++++++++++
[   27.732909] cloud-init[1056]: ci-info: +--------+------+-----------------------------+---------------+-------+-------------------+
[[0;32m  OK  [0m] Started Initial cloud-init job (metadata service crawler).
[   27.733814] cloud-init[1056]: ci-info: | Device |  Up  |           Address           |      Mask     | Scope |     Hw-Address    |
[   27.827248] cloud-init[1056]: ci-info: +--------+------+-----------------------------+---------------+-------+-------------------+
[   27.848611] cloud-init[1056]: ci-info: | enp0s3 | True |          10.0.2.15          | 255.255.255.0 |   .   | 02:06:a9:f4:72:f7 |
[   27.849192] cloud-init[1056]: ci-info: | enp0s3 | True |  fe80::6:a9ff:fef4:72f7/64  |       .       |  link | 02:06:a9:f4:72:f7 |
[[0;32m  OK  [0m] Reached target Cloud-config availability.
[[   27.849376] cloud-init[1056]: ci-info: | enp0s8 | True |        192.168.33.12        | 255.255.255.0 |   .   | 08:00:27:5c:6a:44 |
[   27.967472] cloud-init[1056]: ci-info: | enp0s8 | True | fe80::a00:27ff:fe5c:6a44/64 |       .       |  link | 08:00:27:5c:6a:44 |
[   27.967791] cloud-init[1056]: ci-info: |   lo   | True |          127.0.0.1          |   255.0.0.0   |   .   |         .         |
[0;32m  OK  [0m] Reached target Network is Online.
[   27.972783] cloud-init[1056]: ci-info: |   lo   | True |           ::1/128           |       .       |  host |         .         |
[   27.992264] cloud-init[1056]: ci-info: +--------+------+-----------------------------+---------------+-------+-------------------+
[   28.000456] cloud-init[1056]: ci-info: ++++++++++++++++++++++++++++Route IPv4 info++++++++++++++++++++++++++++
[   28.004677] cloud-init[1056]: ci-info: +-------+--------------+----------+---------------+-----------+-------+
[   28.032680] cloud-init[1056]: ci-info: | Route | Destination  | Gateway  |    Genmask    | Interface | Flags |
[   28.033427] cloud-init[1056]: ci-info: +-------+--------------+----------+---------------+-----------+-------+
         Starting iSCSI initiator daemon (iscsid)...
[   28.033809] cloud-init[1056]: ci-info: |   0   |   0.0.0.0    | 10.0.2.2 |    0.0.0.0    |   enp0s3  |   UG  |
[   28.142564] cloud-init[1056]: ci-info: |   1   |   10.0.2.0   | 0.0.0.0  | 255.255.255.0 |   enp0s3  |   U   |
[   28.142898] cloud-init[1056]: ci-info: |   2   | 192.168.33.0 | 0.0.0.0  | 255.255.255.0 |   enp0s8  |   U   |
[[0;32m  OK  [0m] Reached target System Initialization.
[[   28.147369] cloud-init[1056]: ci-info: +-------+--------------+----------+---------------+-----------+-------+
[0;32m  OK  [0m] Listening on ACPID Listen Socket.
[[0;32m  OK  [0m] Started ACPI Events Check.
[[0;32m  OK  [0m] Reached target Paths.
         Starting Socket activation for snappy daemon.
[[0;32m  OK  [0m] Listening on UUID daemon activation socket.
[[0;32m  OK  [0m] Started Daily Cleanup of Temporary Directories.
[[0;32m  OK  [0m] Listening on D-Bus System Message Bus Socket.
[[0;32m  OK  [0m] Started Daily apt download activities.
[[0;32m  OK  [0m] Started Daily apt upgrade and clean activities.
[[0;32m  OK  [0m] Started Timer to automatically refresh installed snaps.
[[0;32m  OK  [0m] Reached target Timers.
         Starting LXD - unix socket.
[[0;32m  OK  [0m] Listening on Socket activation for snappy daemon.
[[0;32m  OK  [0m] Listening on LXD - unix socket.
[[0;32m  OK  [0m] Started iSCSI initiator daemon (iscsid).
         Starting Login to default iSCSI targets...
[[0;32m  OK  [0m] Reached target Sockets.
[[0;32m  OK  [0m] Reached target Basic System.
         Starting System Logging Service...
[[0;32m  OK  [0m] Started ACPI event daemon.
[[0;32m  OK  [0m] Started Regular background program processing daemon.
[[0;32m  OK  [0m] Started FUSE filesystem for LXC.
         Starting Snappy daemon...
         Starting The PHP 7.0 FastCGI Process Manager...
         Starting Login Service...
[[0;32m  OK  [0m] Started Unattended Upgrades Shutdown.
         Starting Accounts Service...
[[0;32m  OK  [0m] Started D-Bus System Message Bus.
         Starting /etc/rc.local Compatibility...
         Starting OpenBSD Secure Shell server...
[[0;32m  OK  [0m] Started Deferred execution scheduler.
         Starting A high performance web server and a reverse proxy server...
         Starting Apply the settings specified in cloud-config...
         Starting LSB: MD monitoring daemon...
         Starting LSB: Record successful boot for GRUB...
         Starting LXD - container startup/shutdown...
[[0;32m  OK  [0m] Started System Logging Service.
[[0;32m  OK  [0m] Started /etc/rc.local Compatibility.
[[0;32m  OK  [0m] Started LSB: Record successful boot for GRUB.
[[0;32m  OK  [0m] Started Login Service.
         Starting Authenticate and Authorize Users to Run Privileged Tasks...
[[0;32m  OK  [0m] Started Login to default iSCSI targets.
[[0;32m  OK  [0m] Reached target Remote File Systems (Pre).
[[0;32m  OK  [0m] Reached target Remote File Systems.
         Starting LSB: daemon to balance interrupts for SMP systems...
         Starting LSB: VirtualBox Linux Additions...
         Starting Permit User Sessions...
         Starting LSB: Set the CPU Frequency Scaling governor to "ondemand"...
         Starting LSB: automatic crash report generation...
[[0;32m  OK  [0m] Started LSB: MD monitoring daemon.
[[0;32m  OK  [0m] Started Permit User Sessions.
         Starting Hold until boot process finishes up...
[   33.019496] cloud-init[1162]: Cloud-init v. 17.1 running 'modules:config' at Mon, 12 Mar 2018 20:04:24 +0000. Up 32.17 seconds.
         Starting Terminate Plymouth Boot Screen...
[[0;32m  OK  [0m] Started OpenBSD Secure Shell server.
[[0;32m  OK  [0m] Started Apply the settings specified in cloud-config.
[[0;32m  OK  [0m] Started LSB: daemon to balance interrupts for SMP systems.
[[0;32m  OK  [0m] Started LSB: Set the CPU Frequency Scaling governor to "ondemand".
[[0;32m  OK  [0m] Started LSB: automatic crash report generation.
[[0;32m  OK  [0m] Started Hold until boot process finishes up.
[[0;32m  OK  [0m] Started Terminate Plymouth Boot Screen.
[[0;32m  OK  [0m] Started Authenticate and Authorize Users to Run Privileged Tasks.
[[0;32m  OK  [0m] Started Accounts Service.
[[0;32m  OK  [0m] Started Getty on tty1.
         Starting Set console scheme...
[[0;32m  OK  [0m] Started Serial Getty on ttyS0.
[[0;32m  OK  [0m] Reached target Login Prompts.
[[0;32m  OK  [0m] Started Set console scheme.
[[0;32m  OK  [0m] Started LSB: VirtualBox Linux Additions.
[[0;32m  OK  [0m] Started Snappy daemon.
[[0;32m  OK  [0m] Created slice User Slice of ubuntu.
         Starting User Manager for UID 1000...
[[0;32m  OK  [0m] Started Session 1 of user ubuntu.
[[0;32m  OK  [0m] Started User Manager for UID 1000.
[[0;32m  OK  [0m] Started A high performance web server and a reverse proxy server.
[[0;32m  OK  [0m] Started LXD - container startup/shutdown.
[[0;32m  OK  [0m] Started The PHP 7.0 FastCGI Process Manager.
[[0;32m  OK  [0m] Reached target Multi-User System.
         Starting Execute cloud user/final scripts...
[[0;32m  OK  [0m] Reached target Graphical Interface.
         Starting Update UTMP about System Runlevel Changes...
[[0;32m  OK  [0m] Started Update UTMP about System Runlevel Changes.
[   37.474122] cloud-init[1371]: Cloud-init v. 17.1 running 'modules:final' at Mon, 12 Mar 2018 20:04:30 +0000. Up 37.21 seconds.
[   37.511076] cloud-init[1371]: Cloud-init v. 17.1 finished at Mon, 12 Mar 2018 20:04:30 +0000. Datasource DataSourceNoCloud [seed=/dev/sdb][dsmode=net].  Up 37.46 seconds
[[0;32m  OK  [0m] Started Execute cloud user/final scripts.
[[0;32m  OK  [0m] Reached target Cloud-init targ         Stopping Authenticate and Authorize Users to Run Privileged Tasks...
         Stopping ACPI event daem          Stopping Getty on tty1...
         Stopping LSB: MD monitoring daemon...
         Stopping A high performance web server and a reverse proxy server...
         Stopping System Logging Service...
         Stopping LSB: daemon to balance interrupts for SMP systems...
         Stopping LXD - container startup/shutdown...
         Stopping OpenBSD Secure Shell server...
         Stopping Snappy daemon...
         Stopping LSB: aut         Stopping User Manager for UID 1000...
[[0;32m  OK  [0m] Stopped target Timers.
[[0         Stopping Serial Getty on ttyS0...
         Stopping D-Bus System Message Bus...
         Stopping Snappy daemon...
         Stopping A high performance web server and a reverse proxy server...
         Stopping FUSE filesystem for LXC...
         Stopping The PHP 7.0 FastCGI Process Manager...
         Stopping Deferred execution scheduler...
         Stopping LSB: Set the CPU Frequency Scaling governor to "ondemand"...
         Stopping OpenBSD Secure Shell server...
         Stopping LXD - container startup/shutdown...
         Stopping LSB: automatic crash report generation...
         Stopping Regular background program processing daemon...
         Stopping LSB: VirtualBox Linux Additions...
         Stopping ACPI event daemon...
         Stopping LSB: Record successful boot for GRUB...
         Stopping System Logging Service...
         Stopping Session 3 of user ubuntu.
[[0;32m  OK  [0m] Unmounted /var/lib/lxcfs.
[[0;32m  OK  [0m] Stopped System Logging Service.
[[0;32m  OK  [0m] Stopped Regular background program processing daemon.
[[0;32m  OK  [0m] Stopped ACPI event daemon.
[[0;32m  OK  [0m] Stopped Accounts Service.
[[0;32m  OK  [0m] Stopped Deferred execution scheduler.
[[0;32m  OK  [0m] Stopped Snappy daemon.
[[0;32m  OK  [0m] Stopped OpenBSD Secure Shell server.
[[0;32m  OK  [0m] Stopped Authenticate and Authorize Users to Run Privileged Tasks.
[[0;32m  OK  [0m] Stopped Getty on tty1.
[[0;32m  OK  [0m] Stopped Serial Getty on ttyS0.
[[0;32m  OK  [0m] Stopped The PHP 7.0 FastCGI Process Manager.
[[0;32m  OK  [0m] Stopped User Manager for UID 1000.
[[0;32m  OK  [0m] Stopped Unattended Upgrades Shutdown.
[[0;32m  OK  [0m] Stopped D-Bus System Message Bus.
[[0;32m  OK  [0m] Stopped A high performance web server and a reverse proxy server.
[[0;32m  OK  [0m] Stopped Session 3 of user ubuntu.
[[0;32m  OK  [0m] Stopped FUSE filesystem for LXC.
[[0;32m  OK  [0m] Stopped LSB: daemon to balance interrupts for SMP systems.
[[0;32m  OK  [0m] Stopped LSB: MD monitoring daemon.
[[0;32m  OK  [0m] Stopped LSB: Set the CPU Frequency Scaling governor to "ondemand".
[[0;32m  OK  [0m] Stopped LXD - container startup/shutdown.
[[0;32m  OK  [0m] Stopped LSB: Record successful boot for GRUB.
[[0;32m  OK  [0m] Stopped LSB: automatic crash report generation.
[[0;32m  OK  [0m] Stopped LSB: VirtualBox Linux Additions.
[[0;32m  OK  [0m] Removed slice User Slice of ubuntu.
         Stopping Login Service...
[[0;32m  OK  [0m] Removed slice system-serial\x2dgetty.slice.
[[0;32m  OK  [0m] Removed slice system-getty.slice.
[[0;32m  OK  [0m] Stopped /etc/rc.local Compatibility.
         Stopping Permit User Sessions...
[[0;32m  OK  [0m] Stopped Login Service.
[[0;32m  OK  [0m] Stopped Permit User Sessions.
[[0;32m  OK  [0m] Stopped target Remote File Systems.
[[0;32m  OK  [0m] Stopped target Remote File Systems (Pre).
         Stopping Login to default iSCSI targets...
[[0;32m  OK  [0m] Stopped target Basic System.
[[0;32m  OK  [0m] Stopped target Paths.
[[0;32m  OK  [0m] Stopped Dispatch Password Requests to Console Directory Watch.
[[0;32m  OK  [0m] Stopped ACPI Events Check.
[[0;32m  OK  [0m] Stopped Forward Password Requests to Wall Directory Watch.
[[0;32m  OK  [0m] Stopped target Sockets.
[[0;32m  OK  [0m] Closed Syslog Socket.
[[0;32m  OK  [0m] Closed ACPID Listen Socket.
[[0;32m  OK  [0m] Closed UUID daemon activation socket.
[[0;32m  OK  [0m] Closed Socket activation for snappy daemon.
[[0;32m  OK  [0m] Closed LXD - unix socket.
[[0;32m  OK  [0m] Stopped target Slices.
[[0;32m  OK  [0m] Closed D-Bus System Message Bus Socket.
[[0;32m  OK  [0m] Stopped target User and Group Name Lookups.
[[0;32m  OK  [0m] Stopped target System Initialization.
[[0;32m  OK  [0m] Stopped target Encrypted Volumes.
         Stopping Update UTMP about System Boot/Shutdown...
         Stopping Load/Save Random Seed...
[[0;32m  OK  [0m] Stopped target Swap.
[[0;32m  OK  [0m] Removed slice User and Session Slice.
[[0;32m  OK  [0m] Stopped Load/Save Random Seed.
[[0;32m  OK  [0m] Stopped Update UTMP about System Boot/Shutdown.
[[0;32m  OK  [0m] Stopped Login to default iSCSI targets.
         Stopping iSCSI initiator daemon (iscsid)...
[[0;32m  OK  [0m] Stopped Create Volatile Files and Directories.
[[0;32m  OK  [0m] Stopped iSCSI initiator daemon (iscsid).
[[0;32m  OK  [0m] Stopped target Network is Online.
[[0;32m  OK  [0m] Stopped Initial cloud-init job (metadata service crawler).
[[0;32m  OK  [0m] Stopped target Network.
         Stopping Raise network interfaces...
[[0;32m  OK  [0m] Stopped Raise network interfaces.
[[0;32m  OK  [0m] Stopped target Local File Systems.
         Unmounting /run/user/1000...
         Unmounting /vagrant...
[[0;32m  OK  [0m] Stopped Apply Kernel Variables.
[[0;32m  OK  [0m] Stopped Load Kernel Modules.
[[0;32m  OK  [0m] Stopped target Network (Pre).
[[0;32m  OK  [0m] Stopped Initial cloud-init job (pre-networking).
[[0;32m  OK  [0m] Unmounted /run/user/1000.
[[0;32m  OK  [0m] Unmounted /vagrant.
[[0;32m  OK  [0m] Reached target Unmount All Filesystems.
[[0;32m  OK  [0m] Stopped target Local File Systems (Pre).
         Stopping Monitoring of LVM2 mirrors... dmeventd or progress polling...
[[0;32m  OK  [0m] Stopped Create Static Device Nodes in /dev.
[[0;32m  OK  [0m] Stopped Remount Root and Kernel File Systems.
[[0;32m  OK  [0m] Reached target Shutdown.
[  379.322521] reboot: Power down
